<?xml version="1.0" encoding="UTF-8"?>
<!-- Generated by org.testng.reporters.JUnitReportReporter -->
<testsuite hostname="LTIN487221" failures="0" tests="1" name="testCases.TC002_ValidatingListUnderLivingStorage" time="2.161" errors="0" timestamp="2024-04-04T14:26:16 IST" skipped="0">
  <testcase classname="testCases.TC002_ValidatingListUnderLivingStorage" name="validateListUnderLivingStorage" time="2.161"/>
</testsuite> <!-- testCases.TC002_ValidatingListUnderLivingStorage -->
