<?xml version="1.0" encoding="UTF-8"?>
<!-- Generated by org.testng.reporters.JUnitReportReporter -->
<testsuite hostname="LTIN487221" failures="0" tests="1" name="testCases.TC001_ValidatingBookshelvesResult" time="12.203" errors="0" timestamp="2024-04-08T14:07:38 IST" skipped="0">
  <testcase classname="testCases.TC001_ValidatingBookshelvesResult" name="validateBookshelveResult" time="12.203"/>
</testsuite> <!-- testCases.TC001_ValidatingBookshelvesResult -->
