<?xml version="1.0" encoding="UTF-8"?>
<!-- Generated by org.testng.reporters.JUnitReportReporter -->
<testsuite hostname="LTIN487221" failures="0" tests="14" name="testCases.TC003_ValidatingGiftCardsSection" time="74.379" errors="0" timestamp="2024-04-08T14:07:38 IST" skipped="0">
  <testcase classname="testCases.TC003_ValidatingGiftCardsSection" name="validateGiftCardsSection" time="5.054"/>
  <testcase classname="testCases.TC003_ValidatingGiftCardsSection" name="validateGiftCardsSection" time="5.122"/>
  <testcase classname="testCases.TC003_ValidatingGiftCardsSection" name="validateGiftCardsSection" time="4.990"/>
  <testcase classname="testCases.TC003_ValidatingGiftCardsSection" name="validateGiftCardsSection" time="5.086"/>
  <testcase classname="testCases.TC003_ValidatingGiftCardsSection" name="validateGiftCardsSection" time="5.059"/>
  <testcase classname="testCases.TC003_ValidatingGiftCardsSection" name="validateGiftCardsSection" time="4.969"/>
  <testcase classname="testCases.TC003_ValidatingGiftCardsSection" name="validateGiftCardsSection" time="5.120"/>
  <testcase classname="testCases.TC003_ValidatingGiftCardsSection" name="validateGiftCardsSection" time="8.198"/>
  <testcase classname="testCases.TC003_ValidatingGiftCardsSection" name="validateGiftCardsSection" time="5.083"/>
  <testcase classname="testCases.TC003_ValidatingGiftCardsSection" name="validateGiftCardsSection" time="5.067"/>
  <testcase classname="testCases.TC003_ValidatingGiftCardsSection" name="validateGiftCardsSection" time="5.089"/>
  <testcase classname="testCases.TC003_ValidatingGiftCardsSection" name="validateGiftCardsSection" time="5.169"/>
  <testcase classname="testCases.TC003_ValidatingGiftCardsSection" name="validateGiftCardsSection" time="5.288"/>
  <testcase classname="testCases.TC003_ValidatingGiftCardsSection" name="validateGiftCardsSection" time="5.085"/>
</testsuite> <!-- testCases.TC003_ValidatingGiftCardsSection -->
